<?xml version="1.0" encoding="UTF-8"?>
<testsuite xmlns:xsi="http://www.w3.org/2001/XMLSchema-instance" xsi:noNamespaceSchemaLocation="https://maven.apache.org/surefire/maven-surefire-plugin/xsd/surefire-test-report.xsd" name="org.nervos.ckb.cliTest.HelpComLineTest" time="9.738" tests="3" errors="0" skipped="0" failures="0">
  <properties>
[...]
</properties>
  <testcase name="testHelpComLineNegative" classname="org.nervos.ckb.cliTest.HelpComLineTest" time="0.182"/>
  <testcase name="testHelpComLinePositive" classname="org.nervos.ckb.cliTest.HelpComLineTest" time="0.122"/>
  <testcase name="testHelpComLinePositive" classname="org.nervos.ckb.cliTest.HelpComLineTest" time="0.095"/>
</testsuite>